app/build/intermediates/manifest_merge_blame_file/debug/manifest-merger-blame-debug-report.txt
1<?xml version="1.0" encoding="utf-8"?>
2<manifest xmlns:android="http://schemas.android.com/apk/res/android"
3    package="ml.application"
4    android:versionCode="1"
5    android:versionName="1.0" >
6
7    <uses-sdk
8        android:minSdkVersion="19"
8-->src\main\AndroidManifest.xml
9        android:targetSdkVersion="29" />
9-->src\main\AndroidManifest.xml
10
11    <uses-permission android:name="android.permission.INTERNET" />
11-->src\main\AndroidManifest.xml:6:5-67
11-->src\main\AndroidManifest.xml:6:22-64
12    <uses-permission android:name="android.permission.ACCESS_NETWORK_STATE" />
12-->src\main\AndroidManifest.xml:7:5-79
12-->src\main\AndroidManifest.xml:7:22-76
13    <uses-permission android:name="android.permission.WRITE_EXTERNAL_STORAGE" />
13-->src\main\AndroidManifest.xml:8:5-81
13-->src\main\AndroidManifest.xml:8:22-78
14    <uses-permission android:name="android.permission.READ_EXTERNAL_STORAGE" />
14-->src\main\AndroidManifest.xml:9:5-80
14-->src\main\AndroidManifest.xml:9:22-77
15    <uses-permission android:name="android.permission.USE_FINGERPRINT" />
15-->src\main\AndroidManifest.xml:10:5-73
15-->src\main\AndroidManifest.xml:10:22-71
16    <uses-permission android:name="com.fingerprints.service.ACCESS_FINGERPRINT_MANAGER" />
16-->src\main\AndroidManifest.xml:11:5-90
16-->src\main\AndroidManifest.xml:11:22-88
17    <uses-permission android:name="com.samsung.android.providers.context.permission.WRITE_USE_APP_FEATURE_SURVEY" />
17-->src\main\AndroidManifest.xml:12:5-116
17-->src\main\AndroidManifest.xml:12:22-114
18
19    <application
19-->src\main\AndroidManifest.xml:14:5-38:19
20        android:allowBackup="true"
20-->src\main\AndroidManifest.xml:15:9-35
21        android:appComponentFactory="androidx.core.app.CoreComponentFactory"
21-->[androidx.core:core:1.3.1] AndroidManifest.xml:24:18-86
22        android:debuggable="true"
23        android:icon="@drawable/myapp_icon"
23-->src\main\AndroidManifest.xml:16:9-44
24        android:label="@string/app_name"
24-->src\main\AndroidManifest.xml:17:9-41
25        android:maxAspectRatio="2.4"
25-->src\main\AndroidManifest.xml:18:9-37
26        android:resizeableActivity="true"
26-->src\main\AndroidManifest.xml:19:9-42
27        android:supportsRtl="true"
27-->src\main\AndroidManifest.xml:20:9-35
28        android:testOnly="true"
29        android:theme="@style/AppTheme" >
29-->src\main\AndroidManifest.xml:22:9-40
30        <activity
30-->src\main\AndroidManifest.xml:24:9-32:20
31            android:name="ai.love.WelcomeActivity"
31-->src\main\AndroidManifest.xml:25:13-44
32            android:configChanges="orientation|keyboardHidden|screenSize" >
32-->src\main\AndroidManifest.xml:26:13-74
33            <intent-filter>
33-->src\main\AndroidManifest.xml:27:13-31:29
34                <action android:name="android.intent.action.MAIN" />
34-->src\main\AndroidManifest.xml:28:17-69
34-->src\main\AndroidManifest.xml:28:25-66
35
36                <category android:name="android.intent.category.LAUNCHER" />
36-->src\main\AndroidManifest.xml:30:17-77
36-->src\main\AndroidManifest.xml:30:27-74
37            </intent-filter>
38        </activity>
39        <activity android:name="ai.love.activity.DoneActivity" />
39-->src\main\AndroidManifest.xml:33:9-59
39-->src\main\AndroidManifest.xml:33:19-56
40        <activity android:name="ai.love.activity.LoginActivity" />
40-->src\main\AndroidManifest.xml:34:9-60
40-->src\main\AndroidManifest.xml:34:19-57
41        <activity
41-->src\main\AndroidManifest.xml:35:9-37:20
42            android:name="ai.love.MainActivity"
42-->src\main\AndroidManifest.xml:35:19-47
43            android:theme="@style/Theme.Design.Light.NoActionBar" >
43-->src\main\AndroidManifest.xml:36:13-66
44        </activity>
45
46        <provider
46-->[androidx.lifecycle:lifecycle-process:2.2.0] AndroidManifest.xml:25:9-29:43
47            android:name="androidx.lifecycle.ProcessLifecycleOwnerInitializer"
47-->[androidx.lifecycle:lifecycle-process:2.2.0] AndroidManifest.xml:26:13-79
48            android:authorities="ml.application.lifecycle-process"
48-->[androidx.lifecycle:lifecycle-process:2.2.0] AndroidManifest.xml:27:13-69
49            android:exported="false"
49-->[androidx.lifecycle:lifecycle-process:2.2.0] AndroidManifest.xml:28:13-37
50            android:multiprocess="true" />
50-->[androidx.lifecycle:lifecycle-process:2.2.0] AndroidManifest.xml:29:13-40
51    </application>
52
53</manifest>